GROUP,PACKAGE,CLASS,INSTRUCTION_MISSED,INSTRUCTION_COVERED,BRANCH_MISSED,BRANCH_COVERED,LINE_MISSED,LINE_COVERED,COMPLEXITY_MISSED,COMPLEXITY_COVERED,METHOD_MISSED,METHOD_COVERED
Lodgify,es.deusto.spq.pojo,UserData,0,34,0,0,0,9,0,6,0,6
Lodgify,es.deusto.spq.pojo,DirectMessage,0,17,0,0,0,8,0,5,0,5
Lodgify,es.deusto.spq.pojo,MessageData,0,10,0,0,0,5,0,3,0,3
Lodgify,es.deusto.spq.client,LodgifyClient,33,212,3,5,7,40,3,8,0,7
Lodgify,es.deusto.spq.server,ResidenceService,179,300,21,23,44,74,17,12,0,7
Lodgify,es.deusto.spq.server,UserService,78,376,17,17,16,85,17,6,0,6
Lodgify,es.deusto.spq.server,BookingService,97,309,12,18,29,78,11,12,0,8
Lodgify,es.deusto.spq.server.helper,Hashing,3,10,0,0,1,3,1,1,1,1
